0 info it worked if it ends with ok
1 verbose cli [ 'C:\\Program Files\\nodejs\\node.exe',
1 verbose cli   'C:\\Users\\Administrator\\AppData\\Roaming\\npm\\node_modules\\cnpm\\node_modules\\npm\\bin\\npm-cli.js',
1 verbose cli   '--userconfig=C:\\Users\\Administrator\\.cnpmrc',
1 verbose cli   '--disturl=https://npm.taobao.org/mirrors/node',
1 verbose cli   '--registry=https://registry.npm.taobao.org',
1 verbose cli   'start' ]
2 info using npm@3.10.10
3 info using node@v4.4.3
4 verbose run-script [ 'prestart', 'start', 'poststart' ]
5 info lifecycle EditerDemo@1.0.0~prestart: EditerDemo@1.0.0
6 silly lifecycle EditerDemo@1.0.0~prestart: no script for prestart, continuing
7 info lifecycle EditerDemo@1.0.0~start: EditerDemo@1.0.0
8 verbose lifecycle EditerDemo@1.0.0~start: unsafe-perm in lifecycle true
9 verbose lifecycle EditerDemo@1.0.0~start: PATH: C:\Users\Administrator\AppData\Roaming\npm\node_modules\cnpm\node_modules\npm\bin\node-gyp-bin;D:\desk\EditerDemo\node_modules\.bin;C:\Program Files (x86)\Intel\iCLS Client\;C:\Program Files\Intel\iCLS Client\;C:\Windows\system32;C:\Windows;C:\Windows\System32\Wbem;C:\Windows\System32\WindowsPowerShell\v1.0\;C:\Program Files (x86)\Intel\Intel(R) Management Engine Components\DAL;C:\Program Files\Intel\Intel(R) Management Engine Components\DAL;C:\Program Files (x86)\Intel\Intel(R) Management Engine Components\IPT;C:\Program Files\Intel\Intel(R) Management Engine Components\IPT;C:\Program Files\TortoiseSVN\bin;C:\Program Files (x86)\NVIDIA Corporation\PhysX\Common;C:\Program Files\VisualSVN Server\bin;C:\Program Files\MySQL\MySQL Server 5.0\bin;C:\Python27;C:\Program Files\Microsoft SQL Server\110\Tools\Binn\;C:\Program Files (x86)\Windows Kits\8.1\Windows Performance Toolkit\;D:\Software\LuaWindows5.1;D:\Software\LuaWindows5.1\clibs;C:\texlive\2016\bin\win32;C:\Program Files\nodejs\;C:\Program Files\Git\cmd;C:\Users\Administrator\AppData\Local\atom\bin;C:\Users\Administrator\AppData\Roaming\npm;D:\Software\Microsoft VS Code\bin
10 verbose lifecycle EditerDemo@1.0.0~start: CWD: D:\desk\EditerDemo
11 silly lifecycle EditerDemo@1.0.0~start: Args: [ '/d /s /c', 'cnpm install && gulp watch' ]
12 silly lifecycle EditerDemo@1.0.0~start: Returned: code: 3221225786  signal: null
13 info lifecycle EditerDemo@1.0.0~start: Failed to exec start script
14 verbose stack Error: EditerDemo@1.0.0 start: `cnpm install && gulp watch`
14 verbose stack Exit status 3221225786
14 verbose stack     at EventEmitter.<anonymous> (C:\Users\Administrator\AppData\Roaming\npm\node_modules\cnpm\node_modules\npm\lib\utils\lifecycle.js:255:16)
14 verbose stack     at emitTwo (events.js:87:13)
14 verbose stack     at EventEmitter.emit (events.js:172:7)
14 verbose stack     at ChildProcess.<anonymous> (C:\Users\Administrator\AppData\Roaming\npm\node_modules\cnpm\node_modules\npm\lib\utils\spawn.js:40:14)
14 verbose stack     at emitTwo (events.js:87:13)
14 verbose stack     at ChildProcess.emit (events.js:172:7)
14 verbose stack     at maybeClose (internal/child_process.js:827:16)
14 verbose stack     at Process.ChildProcess._handle.onexit (internal/child_process.js:211:5)
15 verbose pkgid EditerDemo@1.0.0
16 verbose cwd D:\desk\EditerDemo
17 error Windows_NT 6.1.7601
18 error argv "C:\\Program Files\\nodejs\\node.exe" "C:\\Users\\Administrator\\AppData\\Roaming\\npm\\node_modules\\cnpm\\node_modules\\npm\\bin\\npm-cli.js" "--userconfig=C:\\Users\\Administrator\\.cnpmrc" "--disturl=https://npm.taobao.org/mirrors/node" "--registry=https://registry.npm.taobao.org" "start"
19 error node v4.4.3
20 error npm  v3.10.10
21 error code ELIFECYCLE
22 error EditerDemo@1.0.0 start: `cnpm install && gulp watch`
22 error Exit status 3221225786
23 error Failed at the EditerDemo@1.0.0 start script 'cnpm install && gulp watch'.
23 error Make sure you have the latest version of node.js and npm installed.
23 error If you do, this is most likely a problem with the EditerDemo package,
23 error not with npm itself.
23 error Tell the author that this fails on your system:
23 error     cnpm install && gulp watch
23 error You can get information on how to open an issue for this project with:
23 error     npm bugs EditerDemo
23 error Or if that isn't available, you can get their info via:
23 error     npm owner ls EditerDemo
23 error There is likely additional logging output above.
24 verbose exit [ 1, true ]
